mode: set
github.com/dinopuguh/mycap-backend/services/user/auth.go:28.30,32.52 3 1
github.com/dinopuguh/mycap-backend/services/user/auth.go:39.2,40.71 2 1
github.com/dinopuguh/mycap-backend/services/user/auth.go:55.2,56.89 2 1
github.com/dinopuguh/mycap-backend/services/user/auth.go:63.2,63.95 1 1
github.com/dinopuguh/mycap-backend/services/user/auth.go:70.2,77.16 7 1
github.com/dinopuguh/mycap-backend/services/user/auth.go:84.2,87.16 3 1
github.com/dinopuguh/mycap-backend/services/user/auth.go:94.2,102.4 1 1
github.com/dinopuguh/mycap-backend/services/user/auth.go:32.52,37.3 1 1
github.com/dinopuguh/mycap-backend/services/user/auth.go:40.71,41.22 1 1
github.com/dinopuguh/mycap-backend/services/user/auth.go:42.27,46.6 1 1
github.com/dinopuguh/mycap-backend/services/user/auth.go:47.11,51.6 1 1
github.com/dinopuguh/mycap-backend/services/user/auth.go:56.89,61.3 1 1
github.com/dinopuguh/mycap-backend/services/user/auth.go:63.95,68.3 1 1
github.com/dinopuguh/mycap-backend/services/user/auth.go:77.16,82.3 1 0
github.com/dinopuguh/mycap-backend/services/user/auth.go:87.16,92.3 1 0
github.com/dinopuguh/mycap-backend/services/user/auth.go:114.32,118.45 3 1
github.com/dinopuguh/mycap-backend/services/user/auth.go:125.2,126.83 2 1
github.com/dinopuguh/mycap-backend/services/user/auth.go:133.2,133.63 1 1
github.com/dinopuguh/mycap-backend/services/user/auth.go:140.2,141.16 2 1
github.com/dinopuguh/mycap-backend/services/user/auth.go:148.2,156.4 1 1
github.com/dinopuguh/mycap-backend/services/user/auth.go:118.45,123.3 1 1
github.com/dinopuguh/mycap-backend/services/user/auth.go:126.83,131.3 1 1
github.com/dinopuguh/mycap-backend/services/user/auth.go:133.63,138.3 1 1
github.com/dinopuguh/mycap-backend/services/user/auth.go:141.16,146.3 1 0
github.com/dinopuguh/mycap-backend/services/user/user.go:40.33,44.46 3 1
github.com/dinopuguh/mycap-backend/services/user/user.go:51.2,56.4 1 1
github.com/dinopuguh/mycap-backend/services/user/user.go:44.46,49.3 1 1
github.com/dinopuguh/mycap-backend/services/user/user.go:70.33,75.51 4 1
github.com/dinopuguh/mycap-backend/services/user/user.go:82.2,83.50 2 1
github.com/dinopuguh/mycap-backend/services/user/user.go:98.2,99.29 2 1
github.com/dinopuguh/mycap-backend/services/user/user.go:111.2,122.4 5 1
github.com/dinopuguh/mycap-backend/services/user/user.go:75.51,80.3 1 1
github.com/dinopuguh/mycap-backend/services/user/user.go:83.50,84.22 1 1
github.com/dinopuguh/mycap-backend/services/user/user.go:85.27,89.6 1 1
github.com/dinopuguh/mycap-backend/services/user/user.go:90.11,94.6 1 1
github.com/dinopuguh/mycap-backend/services/user/user.go:99.29,100.76 1 1
github.com/dinopuguh/mycap-backend/services/user/user.go:107.3,108.24 2 1
github.com/dinopuguh/mycap-backend/services/user/user.go:100.76,105.4 1 1
github.com/dinopuguh/mycap-backend/services/user/user.go:135.33,140.50 4 1
github.com/dinopuguh/mycap-backend/services/user/user.go:156.2,162.4 2 1
github.com/dinopuguh/mycap-backend/services/user/user.go:140.50,141.22 1 1
github.com/dinopuguh/mycap-backend/services/user/user.go:142.27,146.6 1 1
github.com/dinopuguh/mycap-backend/services/user/user.go:147.11,151.6 1 1
