mode: set
github.com/dinopuguh/mycap-backend/services/group/group.go:41.33,45.88 3 1
github.com/dinopuguh/mycap-backend/services/group/group.go:52.2,57.4 1 1
github.com/dinopuguh/mycap-backend/services/group/group.go:45.88,50.3 1 0
github.com/dinopuguh/mycap-backend/services/group/group.go:72.30,83.92 8 1
github.com/dinopuguh/mycap-backend/services/group/group.go:90.2,90.28 1 1
github.com/dinopuguh/mycap-backend/services/group/group.go:97.2,103.51 5 1
github.com/dinopuguh/mycap-backend/services/group/group.go:110.2,114.73 4 1
github.com/dinopuguh/mycap-backend/services/group/group.go:121.2,123.47 2 1
github.com/dinopuguh/mycap-backend/services/group/group.go:130.2,135.4 1 1
github.com/dinopuguh/mycap-backend/services/group/group.go:83.92,88.3 1 1
github.com/dinopuguh/mycap-backend/services/group/group.go:90.28,95.3 1 1
github.com/dinopuguh/mycap-backend/services/group/group.go:103.51,108.3 1 1
github.com/dinopuguh/mycap-backend/services/group/group.go:114.73,119.3 1 1
github.com/dinopuguh/mycap-backend/services/group/group.go:123.47,128.3 1 0
github.com/dinopuguh/mycap-backend/services/group/group.go:150.31,161.49 8 1
github.com/dinopuguh/mycap-backend/services/group/group.go:168.2,169.105 2 1
github.com/dinopuguh/mycap-backend/services/group/group.go:176.2,187.4 4 1
github.com/dinopuguh/mycap-backend/services/group/group.go:161.49,166.3 1 1
github.com/dinopuguh/mycap-backend/services/group/group.go:169.105,174.3 1 1
github.com/dinopuguh/mycap-backend/services/group/group.go:202.32,213.50 8 1
github.com/dinopuguh/mycap-backend/services/group/group.go:220.2,221.123 2 1
github.com/dinopuguh/mycap-backend/services/group/group.go:228.2,228.37 1 1
github.com/dinopuguh/mycap-backend/services/group/group.go:242.2,247.4 1 1
github.com/dinopuguh/mycap-backend/services/group/group.go:213.50,218.3 1 1
github.com/dinopuguh/mycap-backend/services/group/group.go:221.123,226.3 1 1
github.com/dinopuguh/mycap-backend/services/group/group.go:228.37,230.36 2 1
github.com/dinopuguh/mycap-backend/services/group/group.go:233.3,236.20 3 1
github.com/dinopuguh/mycap-backend/services/group/group.go:230.36,232.4 1 1
github.com/dinopuguh/mycap-backend/services/group/group.go:237.8,240.3 2 1
