mode: set
github.com/dinopuguh/mycap-backend/services/group/group.go:40.33,44.88 3 1
github.com/dinopuguh/mycap-backend/services/group/group.go:51.2,56.4 1 1
github.com/dinopuguh/mycap-backend/services/group/group.go:44.88,49.3 1 1
github.com/dinopuguh/mycap-backend/services/group/group.go:69.30,77.73 6 1
github.com/dinopuguh/mycap-backend/services/group/group.go:84.2,85.92 2 1
github.com/dinopuguh/mycap-backend/services/group/group.go:92.2,92.28 1 1
github.com/dinopuguh/mycap-backend/services/group/group.go:99.2,105.51 5 1
github.com/dinopuguh/mycap-backend/services/group/group.go:112.2,116.73 4 1
github.com/dinopuguh/mycap-backend/services/group/group.go:123.2,132.4 3 1
github.com/dinopuguh/mycap-backend/services/group/group.go:77.73,82.3 1 1
github.com/dinopuguh/mycap-backend/services/group/group.go:85.92,90.3 1 1
github.com/dinopuguh/mycap-backend/services/group/group.go:92.28,97.3 1 1
github.com/dinopuguh/mycap-backend/services/group/group.go:105.51,110.3 1 1
github.com/dinopuguh/mycap-backend/services/group/group.go:116.73,121.3 1 1
github.com/dinopuguh/mycap-backend/services/group/group.go:145.31,156.49 8 1
github.com/dinopuguh/mycap-backend/services/group/group.go:163.2,164.105 2 1
github.com/dinopuguh/mycap-backend/services/group/group.go:171.2,182.4 4 1
github.com/dinopuguh/mycap-backend/services/group/group.go:156.49,161.3 1 1
github.com/dinopuguh/mycap-backend/services/group/group.go:164.105,169.3 1 1
github.com/dinopuguh/mycap-backend/services/group/group.go:195.32,206.50 8 1
github.com/dinopuguh/mycap-backend/services/group/group.go:213.2,214.123 2 1
github.com/dinopuguh/mycap-backend/services/group/group.go:221.2,221.37 1 1
github.com/dinopuguh/mycap-backend/services/group/group.go:235.2,240.4 1 1
github.com/dinopuguh/mycap-backend/services/group/group.go:206.50,211.3 1 1
github.com/dinopuguh/mycap-backend/services/group/group.go:214.123,219.3 1 1
github.com/dinopuguh/mycap-backend/services/group/group.go:221.37,223.36 2 1
github.com/dinopuguh/mycap-backend/services/group/group.go:226.3,229.20 3 1
github.com/dinopuguh/mycap-backend/services/group/group.go:223.36,225.4 1 1
github.com/dinopuguh/mycap-backend/services/group/group.go:230.8,233.3 2 1
